<?xml version="1.0" encoding="UTF-8"?>
<!-- Generated by org.testng.reporters.JUnitReportReporter -->
<testsuite hostname="DESKTOP-3BAVB4Q" failures="0" tests="5" name="PageRepo.Login_Page" time="10.744" errors="0" timestamp="2022-07-06T11:20:00 IST" skipped="0">
  <testcase classname="PageRepo.Login_Page" name="navigation_To_Site" time="1.536"/>
  <system-out/>
  <testcase classname="PageRepo.Login_Page" name="url_Matching" time="0.034"/>
  <system-out/>
  <testcase classname="PageRepo.Login_Page" name="login_To_Fb" time="3.939"/>
  <system-out/>
  <testcase classname="PageRepo.Login_Page" name="write_Status" time="5.160"/>
  <system-out/>
  <testcase classname="PageRepo.Login_Page" name="check_Status" time="0.075"/>
  <system-out/>
</testsuite> <!-- PageRepo.Login_Page -->
