<?xml version="1.0" encoding="UTF-8"?>
<!-- Generated by org.testng.reporters.JUnitReportReporter -->
<testsuite hostname="DESKTOP-3BAVB4Q" failures="0" tests="6" name="PageRepo.Navigated_ToPage" time="29.804" errors="0" timestamp="2022-07-06T11:31:16 IST" skipped="1">
  <testcase classname="PageRepo.Navigated_ToPage" name="navigation_To_Site" time="4.143"/>
  <system-out/>
  <testcase classname="PageRepo.Navigated_ToPage" name="url_Matching" time="0.043"/>
  <system-out/>
  <testcase classname="PageRepo.Navigated_ToPage" name="sign_Up" time="7.930"/>
  <system-out/>
  <testcase classname="PageRepo.Navigated_ToPage" name="navigate_To_Profile" time="4.745"/>
  <system-out/>
  <testcase classname="PageRepo.Navigated_ToPage" name="hoverOver_Stars" time="12.943"/>
  <system-out/>
  <testcase classname="PageRepo.Navigated_ToPage" name="login">
    <skipped/>
  </testcase> <!-- login -->
  <system-out/>
</testsuite> <!-- PageRepo.Navigated_ToPage -->
